[0m[1maws_vpc.test_vpc: Refreshing state... [id=vpc-032c236a15adbd5ae][0m
[0m[1maws_security_group.test_sg: Refreshing state... [id=sg-04ad30f8c2f96a412][0m
[0m[1maws_security_group_rule.allow_http: Refreshing state... [id=sgrule-3655108427][0m
[0m[1maws_vpc_security_group_ingress_rule.allow_https: Refreshing state... [id=sgr-0e53651a8302041d7][0m

Terraform used the selected providers to generate the following execution
plan. Resource actions are indicated with the following symbols:
  [31m-[0m destroy[0m

Terraform will perform the following actions:

[1m  # aws_security_group.test_sg[0m will be [1m[31mdestroyed[0m
[0m  [31m-[0m[0m resource "aws_security_group" "test_sg" {
      [31m-[0m[0m arn                    = "arn:aws:ec2:ap-northeast-1:243180185940:security-group/sg-04ad30f8c2f96a412" [90m-> null[0m[0m
      [31m-[0m[0m description            = "Security group for testing rule conflicts" [90m-> null[0m[0m
      [31m-[0m[0m egress                 = [] [90m-> null[0m[0m
      [31m-[0m[0m id                     = "sg-04ad30f8c2f96a412" [90m-> null[0m[0m
      [31m-[0m[0m ingress                = [
          [31m-[0m[0m {
              [31m-[0m[0m cidr_blocks      = [
                  [31m-[0m[0m "0.0.0.0/0",
                ]
              [31m-[0m[0m description      = "Allow HTTP from anywhere (using aws_security_group_rule)"
              [31m-[0m[0m from_port        = 80
              [31m-[0m[0m ipv6_cidr_blocks = []
              [31m-[0m[0m prefix_list_ids  = []
              [31m-[0m[0m protocol         = "tcp"
              [31m-[0m[0m security_groups  = []
              [31m-[0m[0m self             = false
              [31m-[0m[0m to_port          = 80
            },
          [31m-[0m[0m {
              [31m-[0m[0m cidr_blocks      = [
                  [31m-[0m[0m "0.0.0.0/0",
                ]
              [31m-[0m[0m description      = "Allow HTTPS from anywhere (using aws_vpc_security_group_ingress_rule)"
              [31m-[0m[0m from_port        = 443
              [31m-[0m[0m ipv6_cidr_blocks = []
              [31m-[0m[0m prefix_list_ids  = []
              [31m-[0m[0m protocol         = "tcp"
              [31m-[0m[0m security_groups  = []
              [31m-[0m[0m self             = false
              [31m-[0m[0m to_port          = 443
            },
        ] [90m-> null[0m[0m
      [31m-[0m[0m name                   = "test-security-group" [90m-> null[0m[0m
      [31m-[0m[0m owner_id               = "243180185940" [90m-> null[0m[0m
      [31m-[0m[0m revoke_rules_on_delete = false [90m-> null[0m[0m
      [31m-[0m[0m tags                   = {
          [31m-[0m[0m "Name" = "test-sg"
        } [90m-> null[0m[0m
      [31m-[0m[0m tags_all               = {
          [31m-[0m[0m "Name" = "test-sg"
        } [90m-> null[0m[0m
      [31m-[0m[0m vpc_id                 = "vpc-032c236a15adbd5ae" [90m-> null[0m[0m
        [90m# (1 unchanged attribute hidden)[0m[0m
    }

[1m  # aws_security_group_rule.allow_http[0m will be [1m[31mdestroyed[0m
[0m  [31m-[0m[0m resource "aws_security_group_rule" "allow_http" {
      [31m-[0m[0m cidr_blocks            = [
          [31m-[0m[0m "0.0.0.0/0",
        ] [90m-> null[0m[0m
      [31m-[0m[0m description            = "Allow HTTP from anywhere (using aws_security_group_rule)" [90m-> null[0m[0m
      [31m-[0m[0m from_port              = 80 [90m-> null[0m[0m
      [31m-[0m[0m id                     = "sgrule-3655108427" [90m-> null[0m[0m
      [31m-[0m[0m protocol               = "tcp" [90m-> null[0m[0m
      [31m-[0m[0m security_group_id      = "sg-04ad30f8c2f96a412" [90m-> null[0m[0m
      [31m-[0m[0m security_group_rule_id = "sgr-0d8305d6f30f3c8d0" [90m-> null[0m[0m
      [31m-[0m[0m self                   = false [90m-> null[0m[0m
      [31m-[0m[0m to_port                = 80 [90m-> null[0m[0m
      [31m-[0m[0m type                   = "ingress" [90m-> null[0m[0m
    }

[1m  # aws_vpc.test_vpc[0m will be [1m[31mdestroyed[0m
[0m  [31m-[0m[0m resource "aws_vpc" "test_vpc" {
      [31m-[0m[0m arn                                  = "arn:aws:ec2:ap-northeast-1:243180185940:vpc/vpc-032c236a15adbd5ae" [90m-> null[0m[0m
      [31m-[0m[0m assign_generated_ipv6_cidr_block     = false [90m-> null[0m[0m
      [31m-[0m[0m cidr_block                           = "10.0.0.0/16" [90m-> null[0m[0m
      [31m-[0m[0m default_network_acl_id               = "acl-0c5b475e70e3f86a5" [90m-> null[0m[0m
      [31m-[0m[0m default_route_table_id               = "rtb-0bb6361063405a1fc" [90m-> null[0m[0m
      [31m-[0m[0m default_security_group_id            = "sg-06d435a690380e7e4" [90m-> null[0m[0m
      [31m-[0m[0m dhcp_options_id                      = "dopt-08bda56a" [90m-> null[0m[0m
      [31m-[0m[0m enable_dns_hostnames                 = false [90m-> null[0m[0m
      [31m-[0m[0m enable_dns_support                   = true [90m-> null[0m[0m
      [31m-[0m[0m enable_network_address_usage_metrics = false [90m-> null[0m[0m
      [31m-[0m[0m id                                   = "vpc-032c236a15adbd5ae" [90m-> null[0m[0m
      [31m-[0m[0m instance_tenancy                     = "default" [90m-> null[0m[0m
      [31m-[0m[0m ipv6_netmask_length                  = 0 [90m-> null[0m[0m
      [31m-[0m[0m main_route_table_id                  = "rtb-0bb6361063405a1fc" [90m-> null[0m[0m
      [31m-[0m[0m owner_id                             = "243180185940" [90m-> null[0m[0m
      [31m-[0m[0m tags                                 = {
          [31m-[0m[0m "Name" = "test-vpc-for-sg-validation"
        } [90m-> null[0m[0m
      [31m-[0m[0m tags_all                             = {
          [31m-[0m[0m "Name" = "test-vpc-for-sg-validation"
        } [90m-> null[0m[0m
        [90m# (4 unchanged attributes hidden)[0m[0m
    }

[1m  # aws_vpc_security_group_ingress_rule.allow_https[0m will be [1m[31mdestroyed[0m
[0m  [31m-[0m[0m resource "aws_vpc_security_group_ingress_rule" "allow_https" {
      [31m-[0m[0m arn                    = "arn:aws:ec2:ap-northeast-1:243180185940:security-group-rule/sgr-0e53651a8302041d7" [90m-> null[0m[0m
      [31m-[0m[0m cidr_ipv4              = "0.0.0.0/0" [90m-> null[0m[0m
      [31m-[0m[0m description            = "Allow HTTPS from anywhere (using aws_vpc_security_group_ingress_rule)" [90m-> null[0m[0m
      [31m-[0m[0m from_port              = 443 [90m-> null[0m[0m
      [31m-[0m[0m id                     = "sgr-0e53651a8302041d7" [90m-> null[0m[0m
      [31m-[0m[0m ip_protocol            = "tcp" [90m-> null[0m[0m
      [31m-[0m[0m security_group_id      = "sg-04ad30f8c2f96a412" [90m-> null[0m[0m
      [31m-[0m[0m security_group_rule_id = "sgr-0e53651a8302041d7" [90m-> null[0m[0m
      [31m-[0m[0m tags_all               = {} [90m-> null[0m[0m
      [31m-[0m[0m to_port                = 443 [90m-> null[0m[0m
    }

[1mPlan:[0m 0 to add, 0 to change, 4 to destroy.
[0m[0m[1maws_vpc_security_group_ingress_rule.allow_https: Destroying... [id=sgr-0e53651a8302041d7][0m[0m
[0m[1maws_security_group_rule.allow_http: Destroying... [id=sgrule-3655108427][0m[0m
[0m[1maws_vpc_security_group_ingress_rule.allow_https: Destruction complete after 0s[0m
[0m[1maws_security_group_rule.allow_http: Destruction complete after 0s[0m
[0m[1maws_security_group.test_sg: Destroying... [id=sg-04ad30f8c2f96a412][0m[0m
[0m[1maws_security_group.test_sg: Destruction complete after 1s[0m
[0m[1maws_vpc.test_vpc: Destroying... [id=vpc-032c236a15adbd5ae][0m[0m
[0m[1maws_vpc.test_vpc: Destruction complete after 1s[0m
[0m[1m[32m
Destroy complete! Resources: 4 destroyed.
[0m